Test (2A): initial election ...
  ... Passed --   3.0  3   62   15910    0
Test (2A): election after network failure ...
A Leader is over
A Leader is over
  ... Passed --   4.5  3  154   27518    0
Test (2A): multiple elections ...
A Leader is over
I become follower rf,me 1
I become follower rf,me 1
I become follower rf,me 1
A Leader is over
I become follower rf,me 3
A Leader is over
A Leader is over
A Leader is over
A Leader is over
  ... Passed --   5.6  7  816  143506    0
PASS
ok  	6.824/raft	13.661s
